  stdafx.cpp
  AdapterCommon.cpp
C:\Users\devli\Desktop\TrafficMonitor\TrafficMonitor\AdapterCommon.cpp(107,23): warning C4267: “=”: 从“size_t”转换到“int”，可能丢失数据
C:\Users\devli\Desktop\TrafficMonitor\TrafficMonitor\AdapterCommon.cpp(130,12): warning C4267: “return”: 从“size_t”转换到“int”，可能丢失数据
C:\Users\devli\Desktop\TrafficMonitor\TrafficMonitor\AdapterCommon.cpp(147,12): warning C4267: “return”: 从“size_t”转换到“int”，可能丢失数据
C:\Users\devli\Desktop\TrafficMonitor\TrafficMonitor\AdapterCommon.cpp(159,18): warning C4267: “=”: 从“size_t”转换到“int”，可能丢失数据
  BaseDialog.cpp
  CalendarHelper.cpp
  CAutoAdaptSettingsDlg.cpp
  CMFCColorDialogEx.cpp
  CPUUsage.cpp
C:\Users\devli\Desktop\TrafficMonitor\TrafficMonitor\CPUUsage.cpp(76,23): warning C4244: “=”: 从“double”转换到“int”，可能丢失数据
  crashtool.cpp
  CTabCtrlEx.cpp
C:\Users\devli\Desktop\TrafficMonitor\TrafficMonitor\CTabCtrlEx.cpp(26,64): warning C4267: “参数”: 从“size_t”转换到“int”，可能丢失数据
C:\Users\devli\Desktop\TrafficMonitor\TrafficMonitor\CTabCtrlEx.cpp(40,34): warning C4267: “初始化”: 从“size_t”转换到“int”，可能丢失数据
  CVariant.cpp
  DrawCommonEx.cpp
  LinkStatic.cpp
  ColorStatic.cpp
  Common.cpp
C:\Users\devli\Desktop\TrafficMonitor\TrafficMonitor\Common.cpp(45,23): warning C4267: “初始化”: 从“size_t”转换到“int”，可能丢失数据
C:\Users\devli\Desktop\TrafficMonitor\TrafficMonitor\Common.cpp(328,30): warning C4267: “初始化”: 从“size_t”转换到“int”，可能丢失数据
C:\Users\devli\Desktop\TrafficMonitor\TrafficMonitor\Common.cpp(773,60): warning C4267: “参数”: 从“size_t”转换到“int”，可能丢失数据
C:\Users\devli\Desktop\TrafficMonitor\TrafficMonitor\Common.cpp(798,26): warning C4267: “初始化”: 从“size_t”转换到“int”，可能丢失数据
C:\Users\devli\Desktop\TrafficMonitor\TrafficMonitor\Common.cpp(799,28): warning C4267: “初始化”: 从“size_t”转换到“int”，可能丢失数据
  DrawCommon.cpp
  GeneralSettingsDlg.cpp
  IniHelper.cpp
  ListCtrlEx.cpp
C:\Users\devli\Desktop\TrafficMonitor\TrafficMonitor\ListCtrlEx.cpp(52,24): warning C4244: “参数”: 从“DWORD_PTR”转换到“int”，可能丢失数据
  MessageDlg.cpp
  NetworkInfoDlg.cpp
  OptionsDlg.cpp
  正在编译...
  PictureStatic.cpp
  SimpleXML.cpp
  SpinEdit.cpp
  StaticEx.cpp
  TabDlg.cpp
C:\Users\devli\Desktop\TrafficMonitor\TrafficMonitor\TabDlg.cpp(102,41): warning C4018: “>”: 有符号/无符号不匹配
  TaskbarColorDlg.cpp
  TaskbarDefaultStyle.cpp
  TaskBarDlg.cpp
  TaskBarSettingsDlg.cpp
  Test.cpp
  TrafficMonitor.cpp
  TrafficMonitorDlg.cpp
C:\Users\devli\Desktop\TrafficMonitor\TrafficMonitor\TrafficMonitorDlg.cpp(120,30): warning C4267: “=”: 从“size_t”转换到“int”，可能丢失数据
C:\Users\devli\Desktop\TrafficMonitor\TrafficMonitor\TrafficMonitorDlg.cpp(176,37): warning C4267: “参数”: 从“size_t”转换到“int”，可能丢失数据
C:\Users\devli\Desktop\TrafficMonitor\TrafficMonitor\TrafficMonitorDlg.cpp(205,30): warning C4267: “=”: 从“size_t”转换到“int”，可能丢失数据
C:\Users\devli\Desktop\TrafficMonitor\TrafficMonitor\TrafficMonitorDlg.cpp(252,87): warning C4267: “参数”: 从“size_t”转换到“UINT”，可能丢失数据
C:\Users\devli\Desktop\TrafficMonitor\TrafficMonitor\TrafficMonitorDlg.cpp(254,87): warning C4267: “参数”: 从“size_t”转换到“UINT”，可能丢失数据
C:\Users\devli\Desktop\TrafficMonitor\TrafficMonitor\TrafficMonitorDlg.cpp(256,111): warning C4267: “参数”: 从“size_t”转换到“UINT”，可能丢失数据
  WIC.cpp
  WinVersionHelper.cpp
  正在生成代码
  Previous IPDB not found, fall back to full compilation.
  All 1941 functions were compiled because no usable IPDB/IOBJ from previous compilation was found.
  已完成代码的生成
  TrafficMonitor.vcxproj -> C:\Users\devli\Desktop\TrafficMonitor\x64\Release\TrafficMonitor.exe
