c:\users\devli\desktop\trafficmonitor\trafficmonitor\x64\debug\trafficmonitor.pch
c:\users\devli\desktop\trafficmonitor\trafficmonitor\x64\debug\vc142.pdb
c:\users\devli\desktop\trafficmonitor\trafficmonitor\x64\debug\vc142.idb
c:\users\devli\desktop\trafficmonitor\trafficmonitor\x64\debug\stdafx.obj
c:\users\devli\desktop\trafficmonitor\trafficmonitor\x64\debug\optionsdlg.obj
c:\users\devli\desktop\trafficmonitor\trafficmonitor\x64\debug\networkinfodlg.obj
c:\users\devli\desktop\trafficmonitor\trafficmonitor\x64\debug\messagedlg.obj
c:\users\devli\desktop\trafficmonitor\trafficmonitor\x64\debug\listctrlex.obj
c:\users\devli\desktop\trafficmonitor\trafficmonitor\x64\debug\inihelper.obj
c:\users\devli\desktop\trafficmonitor\trafficmonitor\x64\debug\generalsettingsdlg.obj
c:\users\devli\desktop\trafficmonitor\trafficmonitor\x64\debug\drawcommon.obj
c:\users\devli\desktop\trafficmonitor\trafficmonitor\x64\debug\common.obj
c:\users\devli\desktop\trafficmonitor\trafficmonitor\x64\debug\colorstatic.obj
c:\users\devli\desktop\trafficmonitor\trafficmonitor\x64\debug\linkstatic.obj
c:\users\devli\desktop\trafficmonitor\trafficmonitor\x64\debug\drawcommonex.obj
c:\users\devli\desktop\trafficmonitor\trafficmonitor\x64\debug\cvariant.obj
c:\users\devli\desktop\trafficmonitor\trafficmonitor\x64\debug\ctabctrlex.obj
c:\users\devli\desktop\trafficmonitor\trafficmonitor\x64\debug\crashtool.obj
c:\users\devli\desktop\trafficmonitor\trafficmonitor\x64\debug\cpuusage.obj
c:\users\devli\desktop\trafficmonitor\trafficmonitor\x64\debug\cmfccolordialogex.obj
c:\users\devli\desktop\trafficmonitor\trafficmonitor\x64\debug\cautoadaptsettingsdlg.obj
c:\users\devli\desktop\trafficmonitor\trafficmonitor\x64\debug\calendarhelper.obj
c:\users\devli\desktop\trafficmonitor\trafficmonitor\x64\debug\basedialog.obj
c:\users\devli\desktop\trafficmonitor\trafficmonitor\x64\debug\adaptercommon.obj
c:\users\devli\desktop\trafficmonitor\trafficmonitor\x64\debug\winversionhelper.obj
c:\users\devli\desktop\trafficmonitor\trafficmonitor\x64\debug\wic.obj
c:\users\devli\desktop\trafficmonitor\trafficmonitor\x64\debug\trafficmonitordlg.obj
c:\users\devli\desktop\trafficmonitor\trafficmonitor\x64\debug\trafficmonitor.obj
c:\users\devli\desktop\trafficmonitor\trafficmonitor\x64\debug\test.obj
c:\users\devli\desktop\trafficmonitor\trafficmonitor\x64\debug\taskbarsettingsdlg.obj
c:\users\devli\desktop\trafficmonitor\trafficmonitor\x64\debug\taskbardlg.obj
c:\users\devli\desktop\trafficmonitor\trafficmonitor\x64\debug\taskbardefaultstyle.obj
c:\users\devli\desktop\trafficmonitor\trafficmonitor\x64\debug\taskbarcolordlg.obj
c:\users\devli\desktop\trafficmonitor\trafficmonitor\x64\debug\tabdlg.obj
c:\users\devli\desktop\trafficmonitor\trafficmonitor\x64\debug\staticex.obj
c:\users\devli\desktop\trafficmonitor\trafficmonitor\x64\debug\spinedit.obj
c:\users\devli\desktop\trafficmonitor\trafficmonitor\x64\debug\simplexml.obj
c:\users\devli\desktop\trafficmonitor\trafficmonitor\x64\debug\picturestatic.obj
c:\users\devli\desktop\trafficmonitor\x64\debug\trafficmonitor.ilk
c:\users\devli\desktop\trafficmonitor\x64\debug\trafficmonitor.exe
c:\users\devli\desktop\trafficmonitor\x64\debug\trafficmonitor.pdb
c:\users\devli\desktop\trafficmonitor\trafficmonitor\x64\debug\trafficmonitor.res
c:\users\devli\desktop\trafficmonitor\trafficmonitor\x64\debug\trafficmonitor.tlog\cl.command.1.tlog
c:\users\devli\desktop\trafficmonitor\trafficmonitor\x64\debug\trafficmonitor.tlog\cl.read.1.tlog
c:\users\devli\desktop\trafficmonitor\trafficmonitor\x64\debug\trafficmonitor.tlog\cl.write.1.tlog
c:\users\devli\desktop\trafficmonitor\trafficmonitor\x64\debug\trafficmonitor.tlog\link.command.1.tlog
c:\users\devli\desktop\trafficmonitor\trafficmonitor\x64\debug\trafficmonitor.tlog\link.read.1.tlog
c:\users\devli\desktop\trafficmonitor\trafficmonitor\x64\debug\trafficmonitor.tlog\link.write.1.tlog
c:\users\devli\desktop\trafficmonitor\trafficmonitor\x64\debug\trafficmonitor.tlog\rc.command.1.tlog
c:\users\devli\desktop\trafficmonitor\trafficmonitor\x64\debug\trafficmonitor.tlog\rc.read.1.tlog
c:\users\devli\desktop\trafficmonitor\trafficmonitor\x64\debug\trafficmonitor.tlog\rc.write.1.tlog
